action: GLOB, msg: packaging
cwd: /Users/apple/Documents/CLASSROOM/OPERATION_AI/MLOPS/project_app
cmd: /Users/apple/opt/anaconda3/envs/wineq/bin/python3.8 setup.py sdist --formats=zip --dist-dir /Users/apple/Documents/CLASSROOM/OPERATION_AI/MLOPS/project_app/.tox/dist
running sdist
running egg_info
writing src.egg-info/PKG-INFO
writing dependency_links to src.egg-info/dependency_links.txt
writing top-level names to src.egg-info/top_level.txt
reading manifest file 'src.egg-info/SOURCES.txt'
writing manifest file 'src.egg-info/SOURCES.txt'
warning: sdist: standard file not found: should have one of README, README.rst, README.txt, README.md

running check
warning: check: missing required meta-data: url

warning: check: missing meta-data: if 'author' supplied, 'author_email' should be supplied too

creating src-0.0.0
creating src-0.0.0/src
creating src-0.0.0/src.egg-info
creating src-0.0.0/tests
copying files to src-0.0.0...
copying setup.py -> src-0.0.0
copying src/__init__.py -> src-0.0.0/src
copying src/get_data.py -> src-0.0.0/src
copying src/load_data.py -> src-0.0.0/src
copying src/split_data.py -> src-0.0.0/src
copying src/train_and_evaluate.py -> src-0.0.0/src
copying src.egg-info/PKG-INFO -> src-0.0.0/src.egg-info
copying src.egg-info/SOURCES.txt -> src-0.0.0/src.egg-info
copying src.egg-info/dependency_links.txt -> src-0.0.0/src.egg-info
copying src.egg-info/top_level.txt -> src-0.0.0/src.egg-info
copying tests/__init__.py -> src-0.0.0/tests
copying tests/conftest.py -> src-0.0.0/tests
copying tests/test_config.py -> src-0.0.0/tests
Writing src-0.0.0/setup.cfg
creating /Users/apple/Documents/CLASSROOM/OPERATION_AI/MLOPS/project_app/.tox/dist
creating '/Users/apple/Documents/CLASSROOM/OPERATION_AI/MLOPS/project_app/.tox/dist/src-0.0.0.zip' and adding 'src-0.0.0' to it
adding 'src-0.0.0'
adding 'src-0.0.0/tests'
adding 'src-0.0.0/src.egg-info'
adding 'src-0.0.0/src'
adding 'src-0.0.0/PKG-INFO'
adding 'src-0.0.0/setup.py'
adding 'src-0.0.0/setup.cfg'
adding 'src-0.0.0/tests/conftest.py'
adding 'src-0.0.0/tests/__init__.py'
adding 'src-0.0.0/tests/test_config.py'
adding 'src-0.0.0/src.egg-info/PKG-INFO'
adding 'src-0.0.0/src.egg-info/SOURCES.txt'
adding 'src-0.0.0/src.egg-info/top_level.txt'
adding 'src-0.0.0/src.egg-info/dependency_links.txt'
adding 'src-0.0.0/src/__init__.py'
adding 'src-0.0.0/src/get_data.py'
adding 'src-0.0.0/src/train_and_evaluate.py'
adding 'src-0.0.0/src/split_data.py'
adding 'src-0.0.0/src/load_data.py'
removing 'src-0.0.0' (and everything under it)
